--------------------------------------------------------------------------------
Tests started: 2019-06-07 17:57:43 +0000
--------------------------------------------------------------------------------
2019-06-08 01:59:03.714620+0800 GameUITests-Runner[54234:7262747] libMobileGestalt MobileGestalt.c:890: MGIsDeviceOneOfType is not supported on this platform.
2019-06-08 01:59:03.777348+0800 GameUITests-Runner[54234:7262747] Running tests...
2019-06-08 01:59:05.670034+0800 GameUITests-Runner[54234:7262747] [AXMediaCommon] Unable to look up screen scale
2019-06-08 01:59:05.670181+0800 GameUITests-Runner[54234:7262747] [AXMediaCommon] Unexpected physical screen orientation
2019-06-08 01:59:05.702978+0800 GameUITests-Runner[54234:7262747] [AXMediaCommon] Unable to look up screen scale
2019-06-08 01:59:05.707743+0800 GameUITests-Runner[54234:7262747] [AXMediaCommon] Unable to look up screen scale
2019-06-08 01:59:05.708018+0800 GameUITests-Runner[54234:7262747] [AXMediaCommon] Unexpected physical screen orientation
2019-06-08 01:59:07.677433+0800 GameUITests-Runner[54234:7262747] Continuing to run tests in the background with task ID 1
Test Suite 'Selected tests' started at 2019-06-08 01:59:08.817
XCTestOutputBarrierTest Suite 'GameUITests.xctest' started at 2019-06-08 01:59:08.853
XCTestOutputBarrierTest Suite 'OneBluepillarUITests' started at 2019-06-08 01:59:08.856
XCTestOutputBarrierTest Case '-[GameUITests.OneBluepillarUITests testExample]' started.
XCTestOutputBarrier    t =     0.00s Start Test at 2019-06-08 01:59:08.860
    t =     0.28s Set Up
    t =     0.30s     Open com.circleci.ios-game
    t =     0.59s         Launch com.circleci.ios-game
    t =     7.30s             Wait for com.circleci.ios-game to idle
    t =     8.37s Tear Down
Test Case '-[GameUITests.OneBluepillarUITests testExample]' passed (8.668 seconds).
XCTestOutputBarrierTest Suite 'OneBluepillarUITests' passed at 2019-06-08 01:59:17.525.
	 Executed 1 test, with 0 failures (0 unexpected) in 8.668 (8.669) seconds
XCTestOutputBarrierTest Suite 'GameUITests.xctest' passed at 2019-06-08 01:59:17.526.
	 Executed 1 test, with 0 failures (0 unexpected) in 8.668 (8.673) seconds
XCTestOutputBarrierTest Suite 'Selected tests' passed at 2019-06-08 01:59:17.527.
	 Executed 1 test, with 0 failures (0 unexpected) in 8.668 (8.710) seconds
XCTestOutputBarrierXCTestOutputBarrier
BP_APP_PROC_ENDED
